Traceback (most recent call last):
  File "/usr/share/miniconda3/envs/runenv/lib/python3.10/site-packages/jupyter_cache/executors/utils.py", line 51, in single_nb_execution
    executenb(
  File "/usr/share/miniconda3/envs/runenv/lib/python3.10/site-packages/nbclient/client.py", line 1204, in execute
    return NotebookClient(nb=nb, resources=resources, km=km, **kwargs).execute()
  File "/usr/share/miniconda3/envs/runenv/lib/python3.10/site-packages/nbclient/util.py", line 84, in wrapped
    return just_run(coro(*args, **kwargs))
  File "/usr/share/miniconda3/envs/runenv/lib/python3.10/site-packages/nbclient/util.py", line 62, in just_run
    return loop.run_until_complete(coro)
  File "/usr/share/miniconda3/envs/runenv/lib/python3.10/asyncio/base_events.py", line 649, in run_until_complete
    return future.result()
  File "/usr/share/miniconda3/envs/runenv/lib/python3.10/site-packages/nbclient/client.py", line 663, in async_execute
    await self.async_execute_cell(
  File "/usr/share/miniconda3/envs/runenv/lib/python3.10/site-packages/nbclient/client.py", line 965, in async_execute_cell
    await self._check_raise_for_error(cell, cell_index, exec_reply)
  File "/usr/share/miniconda3/envs/runenv/lib/python3.10/site-packages/nbclient/client.py", line 862, in _check_raise_for_error
    raise CellExecutionError.from_cell_and_msg(cell, exec_reply_content)
nbclient.exceptions.CellExecutionError: An error occurred while executing the following cell:
------------------
%matplotlib inline
import matplotlib.pyplot as plt
plt.rcParams['figure.figsize'] = (10,6)
%config InlineBackend.figure_format = 'retina'
import numpy as np
------------------

[0;31m---------------------------------------------------------------------------[0m
[0;31mAttributeError[0m                            Traceback (most recent call last)
Cell [0;32mIn [1], line 4[0m
[1;32m      2[0m [38;5;28;01mimport[39;00m [38;5;21;01mmatplotlib[39;00m[38;5;21;01m.[39;00m[38;5;21;01mpyplot[39;00m [38;5;28;01mas[39;00m [38;5;21;01mplt[39;00m
[1;32m      3[0m plt[38;5;241m.[39mrcParams[[38;5;124m'[39m[38;5;124mfigure.figsize[39m[38;5;124m'[39m] [38;5;241m=[39m ([38;5;241m10[39m,[38;5;241m6[39m)
[0;32m----> 4[0m [43mget_ipython[49m[43m([49m[43m)[49m[38;5;241;43m.[39;49m[43mrun_line_magic[49m[43m([49m[38;5;124;43m'[39;49m[38;5;124;43mconfig[39;49m[38;5;124;43m'[39;49m[43m,[49m[43m [49m[38;5;124;43m"[39;49m[38;5;124;43mInlineBackend.figure_format = [39;49m[38;5;124;43m'[39;49m[38;5;124;43mretina[39;49m[38;5;124;43m'[39;49m[38;5;124;43m"[39;49m[43m)[49m
[1;32m      5[0m [38;5;28;01mimport[39;00m [38;5;21;01mnumpy[39;00m [38;5;28;01mas[39;00m [38;5;21;01mnp[39;00m

File [0;32m/usr/share/miniconda3/envs/runenv/lib/python3.10/site-packages/IPython/core/interactiveshell.py:2364[0m, in [0;36mInteractiveShell.run_line_magic[0;34m(self, magic_name, line, _stack_depth)[0m
[1;32m   2362[0m     kwargs[[38;5;124m'[39m[38;5;124mlocal_ns[39m[38;5;124m'[39m] [38;5;241m=[39m [38;5;28mself[39m[38;5;241m.[39mget_local_scope(stack_depth)
[1;32m   2363[0m [38;5;28;01mwith[39;00m [38;5;28mself[39m[38;5;241m.[39mbuiltin_trap:
[0;32m-> 2364[0m     result [38;5;241m=[39m [43mfn[49m[43m([49m[38;5;241;43m*[39;49m[43margs[49m[43m,[49m[43m [49m[38;5;241;43m*[39;49m[38;5;241;43m*[39;49m[43mkwargs[49m[43m)[49m
[1;32m   2365[0m [38;5;28;01mreturn[39;00m result

File [0;32m/usr/share/miniconda3/envs/runenv/lib/python3.10/site-packages/IPython/core/magics/config.py:163[0m, in [0;36mConfigMagics.config[0;34m(self, s)[0m
[1;32m    159[0m [38;5;28;01mfrom[39;00m [38;5;21;01mtraitlets[39;00m[38;5;21;01m.[39;00m[38;5;21;01mconfig[39;00m[38;5;21;01m.[39;00m[38;5;21;01mloader[39;00m [38;5;28;01mimport[39;00m Config
[1;32m    160[0m [38;5;66;03m# some IPython objects are Configurable, but do not yet have[39;00m
[1;32m    161[0m [38;5;66;03m# any configurable traits.  Exclude them from the effects of[39;00m
[1;32m    162[0m [38;5;66;03m# this magic, as their presence is just noise:[39;00m
[0;32m--> 163[0m configurables [38;5;241m=[39m [38;5;28msorted[39m([38;5;28mset[39m([ c [38;5;28;01mfor[39;00m c [38;5;129;01min[39;00m [38;5;28mself[39m[38;5;241m.[39mshell[38;5;241m.[39mconfigurables
[1;32m    164[0m                              [38;5;28;01mif[39;00m c[38;5;241m.[39m[38;5;18m__class__[39m[38;5;241m.[39mclass_traits(config[38;5;241m=[39m[38;5;28;01mTrue[39;00m)
[1;32m    165[0m                              ]), key[38;5;241m=[39m[38;5;28;01mlambda[39;00m x: x[38;5;241m.[39m[38;5;18m__class__[39m[38;5;241m.[39m[38;5;18m__name__[39m)
[1;32m    166[0m classnames [38;5;241m=[39m [ c[38;5;241m.[39m[38;5;18m__class__[39m[38;5;241m.[39m[38;5;18m__name__[39m [38;5;28;01mfor[39;00m c [38;5;129;01min[39;00m configurables ]
[1;32m    168[0m line [38;5;241m=[39m s[38;5;241m.[39mstrip()

File [0;32m/usr/share/miniconda3/envs/runenv/lib/python3.10/site-packages/IPython/core/magics/config.py:164[0m, in [0;36m<listcomp>[0;34m(.0)[0m
[1;32m    159[0m [38;5;28;01mfrom[39;00m [38;5;21;01mtraitlets[39;00m[38;5;21;01m.[39;00m[38;5;21;01mconfig[39;00m[38;5;21;01m.[39;00m[38;5;21;01mloader[39;00m [38;5;28;01mimport[39;00m Config
[1;32m    160[0m [38;5;66;03m# some IPython objects are Configurable, but do not yet have[39;00m
[1;32m    161[0m [38;5;66;03m# any configurable traits.  Exclude them from the effects of[39;00m
[1;32m    162[0m [38;5;66;03m# this magic, as their presence is just noise:[39;00m
[1;32m    163[0m configurables [38;5;241m=[39m [38;5;28msorted[39m([38;5;28mset[39m([ c [38;5;28;01mfor[39;00m c [38;5;129;01min[39;00m [38;5;28mself[39m[38;5;241m.[39mshell[38;5;241m.[39mconfigurables
[0;32m--> 164[0m                              [38;5;28;01mif[39;00m [43mc[49m[38;5;241;43m.[39;49m[38;5;18;43m__class__[39;49m[38;5;241;43m.[39;49m[43mclass_traits[49m(config[38;5;241m=[39m[38;5;28;01mTrue[39;00m)
[1;32m    165[0m                              ]), key[38;5;241m=[39m[38;5;28;01mlambda[39;00m x: x[38;5;241m.[39m[38;5;18m__class__[39m[38;5;241m.[39m[38;5;18m__name__[39m)
[1;32m    166[0m classnames [38;5;241m=[39m [ c[38;5;241m.[39m[38;5;18m__class__[39m[38;5;241m.[39m[38;5;18m__name__[39m [38;5;28;01mfor[39;00m c [38;5;129;01min[39;00m configurables ]
[1;32m    168[0m line [38;5;241m=[39m s[38;5;241m.[39mstrip()

[0;31mAttributeError[0m: type object 'CommManager' has no attribute 'class_traits'
AttributeError: type object 'CommManager' has no attribute 'class_traits'

